<?xml version="1.0" encoding="UTF-8"?>
<testsuite xmlns:xsi="http://www.w3.org/2001/XMLSchema-instance" xsi:noNamespaceSchemaLocation="https://maven.apache.org/surefire/maven-surefire-plugin/xsd/surefire-test-report.xsd" version="3.0.2" name="net.kryunek.hub.support.message.MessagesTest" time="0.011" tests="4" errors="0" skipped="0" failures="0">
  <properties>
[...]
</properties>
  <testcase name="rejectsOddPlaceholderArguments" classname="net.kryunek.hub.support.message.MessagesTest" time="0.0">
    <system-err><![CDATA[May 28, 2026 9:04:13 AM net.kryunek.hub.support.message.Messages reportMissing
WARNING: [Celest] Missing message key 'COMMAND.NO_PERMISSION'. Using fallback text.
]]></system-err>
  </testcase>
  <testcase name="getsConfiguredMessageWithColorAndPlaceholders" classname="net.kryunek.hub.support.message.MessagesTest" time="0.0"/>
  <testcase name="usesFallbackWhenMessageKeyIsMissing" classname="net.kryunek.hub.support.message.MessagesTest" time="0.008">
    <system-err><![CDATA[May 28, 2026 9:04:13 AM net.kryunek.hub.support.message.Messages reportMissing
WARNING: [Celest] Missing message key 'COMMAND.NO_PERMISSION'. Using fallback text.
]]></system-err>
  </testcase>
  <testcase name="treatsNullPlaceholderValuesAsEmptyText" classname="net.kryunek.hub.support.message.MessagesTest" time="0.001"/>
</testsuite>